<?xml version="1.0" encoding="UTF-8"?>
<!-- Generated by org.testng.reporters.JUnitXMLReporter -->
<testsuite ignored="0" hostname="DESKTOP-N4D5LA0" failures="0" tests="3" name="Default test" time="3.381" errors="0" timestamp="2022-02-19T16:46:37 SGT">
  <testcase classname="webapp.webTest" name="testAdminLogin" time="1.902"/>
  <testcase classname="webapp.webTest" name="testHeader" time="0.738"/>
  <testcase classname="webapp.webTest" name="testTitle" time="0.712"/>
</testsuite> <!-- Default test -->
