<?xml version="1.0" encoding="UTF-8"?>
<!-- Generated by org.testng.reporters.JUnitXMLReporter -->
<testsuite ignored="0" hostname="DESKTOP-N4D5LA0" failures="1" tests="3" name="Default test" time="3.606" errors="0" timestamp="2022-02-19T13:22:48 SGT">
  <testcase classname="webapp.webTest" name="testAdminLogin" time="1.861">
    <failure type="java.lang.AssertionError" message="expected [true] but found [false]">
      <![CDATA[java.lang.AssertionError: expected [true] but found [false]
at webapp.webTest.testAdminLogin(webTest.java:70)
]]>
    </failure>
  </testcase> <!-- testAdminLogin -->
  <testcase classname="webapp.webTest" name="testHeader" time="0.872"/>
  <testcase classname="webapp.webTest" name="testTitle" time="0.832"/>
</testsuite> <!-- Default test -->
