<?xml version="1.0" encoding="UTF-8"?>
<testng-results ignored="0" total="3" passed="3" failed="0" skipped="0">
  <reporter-output>
  </reporter-output>
  <suite started-at="2022-02-18T20:21:53 SGT" name="Default suite" finished-at="2022-02-18T20:21:56 SGT" duration-ms="3271">
    <groups>
    </groups>
    <test started-at="2022-02-18T20:21:53 SGT" name="Default test" finished-at="2022-02-18T20:21:56 SGT" duration-ms="3271">
      <class name="webapp.webTest">
        <test-method is-config="true" signature="beforeTest()[pri:0, instance:webapp.webTest@6ad82709]" started-at="2022-02-18T20:21:53 SGT" name="beforeTest" finished-at="2022-02-18T20:21:53 SGT" duration-ms="11" status="PASS">
          <reporter-output>
          </reporter-output>
        </test-method> <!-- beforeTest -->
        <test-method signature="testAdminLogin()[pri:0, instance:webapp.webTest@6ad82709]" started-at="2022-02-18T20:21:53 SGT" name="testAdminLogin" finished-at="2022-02-18T20:21:55 SGT" duration-ms="1626" status="PASS">
          <reporter-output>
          </reporter-output>
        </test-method> <!-- testAdminLogin -->
        <test-method signature="testHeader()[pri:0, instance:webapp.webTest@6ad82709]" started-at="2022-02-18T20:21:55 SGT" name="testHeader" finished-at="2022-02-18T20:21:56 SGT" duration-ms="786" status="PASS">
          <reporter-output>
          </reporter-output>
        </test-method> <!-- testHeader -->
        <test-method signature="testTitle()[pri:0, instance:webapp.webTest@6ad82709]" started-at="2022-02-18T20:21:56 SGT" name="testTitle" finished-at="2022-02-18T20:21:56 SGT" duration-ms="817" status="PASS">
          <reporter-output>
          </reporter-output>
        </test-method> <!-- testTitle -->
        <test-method is-config="true" signature="afterTest()[pri:0, instance:webapp.webTest@6ad82709]" started-at="2022-02-18T20:21:56 SGT" name="afterTest" finished-at="2022-02-18T20:21:56 SGT" duration-ms="0" status="PASS">
          <reporter-output>
          </reporter-output>
        </test-method> <!-- afterTest -->
      </class> <!-- webapp.webTest -->
    </test> <!-- Default test -->
  </suite> <!-- Default suite -->
</testng-results>
